writing to file
tot BTC:       0.17561442 
    USD:    1420.74080295 

avg BTC:       0.04390361 
    USD:     355.18520074 

num   sym                bal             usd             btc             pct 
1    BCH           2.72967251     604.53306416       0.07452006         42.434%
2    RVN        9112.00957522     281.01528650       0.03480788         19.821%
3    USDT        272.78948700     272.78948700       0.03367771         19.177%
4    XLM        4485.38812931     262.40296529       0.03260877         18.568%
5    USD           0.00073554       0.00073488       0.00000009          0.000%
writing to file
tot BTC:       0.17547704 
    USD:    1418.96296240 

avg BTC:       0.03509541 
    USD:     283.79259248 

num   sym                bal             usd             btc             pct 
1    BTC           0.03531153     285.92240202       0.03531153         20.123%
2    USDT        284.46197646     284.46197646       0.03513117         20.020%
3    XLM        4831.20831485     282.63404441       0.03512288         20.016%
4    BCH           1.28655254     284.92925300       0.03510359         20.005%
5    RVN        9112.00957522     281.01528650       0.03480788         19.836%
6    USD           0.00073554       0.00073488       0.00000009          0.000%
writing to file
tot BTC:       0.17591101 
    USD:    1415.65614442 

avg BTC:       0.03518220 
    USD:     283.13122888 

num   sym                bal             usd             btc             pct 
1    BCH           1.28655254     286.37722919       0.03534159         20.091%
2    BTC           0.03531153     285.02709420       0.03531153         20.074%
3    USDT        284.46197646     284.46197646       0.03524152         20.034%
4    XLM        4831.20831485     281.32309603       0.03502626         19.911%
5    RVN        9112.00957522     278.46674854       0.03499012         19.891%
6    USD           0.00073554       0.00073554       0.00000009          0.000%
writing to file
tot BTC:       0.31613015 
    USD:    2514.89040780 

avg BTC:       0.06322603 
    USD:     502.97808156 

num   sym                bal             usd             btc             pct 
1    RVN       16527.72786492     509.50291133       0.06346648         20.076%
2    XLM        8683.29186867     501.38725260       0.06338803         20.051%
3    USDT        502.11761157     502.11761157       0.06327093         20.014%
4    BCH           2.27170995     503.99763999       0.06326712         20.013%
5    BTC           0.06273759     497.88499231       0.06273759         19.845%
6    USD           0.00073554       0.00073554       0.00000009          0.000%
writing to file
tot BTC:       0.31896842 
    USD:    2615.38469101 

avg BTC:       0.06379368 
    USD:     523.07693820 

num   sym                bal             usd             btc             pct 
1    BCH           2.27170995     528.62690536       0.06444357         20.204%
2    USDT        522.50547118     522.50547118       0.06387597         20.026%
3    RVN       16172.52465361     521.11028076       0.06371975         19.977%
4    XLM        8461.12216977     525.33584550       0.06362764         19.948%
5    BTC           0.06330149     517.80618820       0.06330149         19.846%
6    USD           0.00073554       0.00073481       0.00000009          0.000%
writing to file
tot BTC:       0.31869932 
    USD:    2600.99014237 

avg BTC:       0.06373986 
    USD:     520.19802847 

num   sym                bal             usd             btc             pct 
1    BCH           2.27170995     529.22050317       0.06465548         20.287%
2    XLM        8461.12216977     523.58726999       0.06447375         20.230%
3    USDT        522.50547118     522.50547118       0.06400438         20.083%
4    BTC           0.06330149     516.76733158       0.06330149         19.862%
5    RVN       16172.52465361     508.90956644       0.06226422         19.537%
6    USD           0.00073554       0.00073554       0.00000009          0.000%
writing to file
tot BTC:       0.31772436 
    USD:    2603.46728462 

avg BTC:       0.06354487 
    USD:     520.69345692 

num   sym                bal             usd             btc             pct 
1    USDT        522.50547118     522.50547118       0.06393277         20.122%
2    BCH           2.27170995     521.18084515       0.06378962         20.077%
3    XLM        8461.12216977     517.08794361       0.06362764         20.026%
4    BTC           0.06330149     517.34618936       0.06330149         19.923%
5    RVN       16172.52465361     525.34683532       0.06307285         19.851%
6    USD           0.00073554       0.00073566       0.00000009          0.000%
writing to file
....             BTC             USD
tot:      0.31029439    2671.87256314 
avg:      0.06205888     534.37451263 
-----------------------------
num   sym                bal             usd             btc             pct 
1    BTC           0.06330149     544.68210181       0.06330149         20.400%
2    BCH           2.27170995     542.26193575       0.06311655         20.341%
3    XLM        8461.12216977     534.12069021       0.06202003         19.987%
4    RVN       16172.52465361     528.30236420       0.06113214         19.701%
5    USDT        522.50547118     522.50547118       0.06072418         19.570%
6    USD           0.00073554       0.00073561       0.00000009          0.000%
