ar Urv libcoin.a lib/web_api.o
ar: creating libcoin.a
a - lib/web_api.o
ar Urv libcoin.a lib/util.o
a - lib/util.o
ar Urv libcoin.a lib/bittrex.o
a - lib/bittrex.o
ar Urv libcoin.a lib/balance.o
a - lib/balance.o
ar Urv libcoin.a lib/fmt.o
a - lib/fmt.o
ar Urv libcoin.a lib/money.o
a - lib/money.o
ar Urv libcoin.a lib/symbol.o
a - lib/symbol.o
ar Urv libcoin.a lib/markets.o
a - lib/markets.o
./ckey
secret: f3c8f9a6891cca98f481edde13bcc031b1470a81e367b838fe9e0a9db0f5993d
hd_seed: eee832be51d3c0972a8a59458e4f3f7d00296f0427f195090f06d3a41c1467bf02669445ce76dcb7fbcd2783aeaa0f9b7ddd98660d710674184863aa03d1d556
