log/mkt.log:1:started
first: 0
read 0 bytes
skips: BTC-BTC
705 markets loaded
705 markets selected
17 balances loaded
705 markets loaded
705 markets selected
------------------- ---     ---               ----------          ----------          ----------
2021-02-28/05-10-35    1 USD     CELO              4.10700000          3.77500000          3.65900000
2021-02-28/05-10-35    2 USD     YFL             294.00100000        261.00000000        261.00000000
2021-02-28/05-10-35    3 USD     AMC               8.43200000          8.02600000          8.02600000
2021-02-28/05-10-35    4 USD     ADABEAR           0.00004000          0.00003000          0.00003000
2021-02-28/05-10-35    5 USD     USDC              1.00250000          1.00050000          0.99900000
2021-02-28/05-10-35    6 USD     USDS              0.97349000          0.93000000          0.91623000
2021-02-28/05-10-35    7 USD     USDT              1.01000000          1.00132000          0.99926000
2021-02-28/05-10-35    8 USD     MSTR            773.78600000        773.78600000        773.78600000
2021-02-28/05-10-35    9 USD     RVN               0.15277961          0.13522172          0.11600003
2021-02-28/05-10-35   10 USD     ADA               1.47799000          1.27746000          1.15000000
2021-02-28/05-10-35   11 USD     GOOGL          2029.56200000       2029.56200000       2029.56200000
2021-02-28/05-10-35   12 USD     RENBTC        46421.95700000      46421.95700000      46421.95700000
2021-02-28/05-10-35   13 USD     AAPL            122.40000000        122.34800000        122.34500000
2021-02-28/05-10-35   14 USD     ETH            1524.00000000       1360.49100000       1317.00200000
2021-02-28/05-10-35   15 USD     ETC              11.52262000         10.33683000         10.02000000
2021-02-28/05-10-35   16 USD     ZRX               1.39740000          1.24800000          1.20866000
src/mkt.cc:97:  mkt =>   name: EUR-USD
  bid:  0.83010000 + 0.00166020
  ask:  0.83250000 - 0.00166500
  val:  0.83130000
  spr:    0.289%
  day:  0.83290000
   BUY  1.19880359USD for 1.00000000EUR
   SELL 1.20708348USD for 1.00000000EUR

  name: USD-EUR
  bid:  1.20120120 + 0.00240240
  ask:  1.20467414 - 0.00240935
  val:  1.20293767
  spr:    0.289%
  day:  0.00000000
   buy  1.00000000EUR for 1.20708348USD
   sell 1.00000000EUR for 1.19880359USD

src/mkt.cc:99:  mkt =>   name: USD-EUR
  bid:  1.20120120 + 0.00240240
  ask:  1.20467414 - 0.00240935
  val:  1.20293767
  spr:    0.289%
  day:  0.00000000
   buy  1.00000000EUR for 1.20708348USD
   sell 1.00000000EUR for 1.19880359USD

2021-02-28/05-10-35   17 USD     EUR               1.20904365          1.20120120          1.19832235
2021-02-28/05-10-35   18 USD     AAVE            350.76800000        319.93500000        302.59900000
2021-02-28/05-10-35   19 USD     ALGO              1.19586000          1.05399000          0.99683000
2021-02-28/05-10-35   20 USD     DOGE              0.05147000          0.04796000          0.04665000
2021-02-28/05-10-35   21 USD     FIL              38.99700000         36.06300000         35.98000000
2021-02-28/05-10-35   22 USD     REN               1.28000000          0.97000000          0.97000000
2021-02-28/05-10-35   23 USD     LINK             27.46111648         24.01605631         23.68553725
2021-02-28/05-10-35   24 USD     AMZN           3104.92000000       3103.91100000       3103.55800000
2021-02-28/05-10-35   25 USD     SOLVE             0.17466000          0.15111000          0.14004000
2021-02-28/05-10-35   26 USD     ZEN              51.26100000         43.92598000         41.56013000
2021-02-28/05-10-35   27 USD     TUSD              1.00100000          1.00018000          0.99921000
2021-02-28/05-10-35   28 USD     BAL              41.58700000         39.68400000         32.73800000
2021-02-28/05-10-35   29 USD     BAT               0.55600000          0.49594000          0.47520000
2021-02-28/05-10-35   30 USD     SPY             380.90700000        380.90700000        380.90700000
2021-02-28/05-10-35   31 USD     BCH             498.28100000        456.20000000        442.61600000
2021-02-28/05-10-35   32 USD     BULL          55000.00000000      46217.61100000      45000.00000000
2021-02-28/05-10-35   33 USD     HIVE              0.45000000          0.30864000          0.26952000
2021-02-28/05-10-35   34 USD     ETHBEAR           0.00016000          0.00016000          0.00011000
2021-02-28/05-10-35   35 USD     NOK               3.96800000          3.96800000          3.96800000
2021-02-28/05-10-35   36 USD     GME             104.48700000         96.32300000         87.76100000
2021-02-28/05-10-35   37 USD     SLV              24.65700000         24.65700000         24.65700000
2021-02-28/05-10-35   38 USD     BTC           47803.00000000      45005.61000000      43857.51100000
2021-02-28/05-10-35   39 USD     BB               10.73400000         10.73400000         10.73400000
2021-02-28/05-10-35   40 USD     BSV             197.64600000        179.68600000        175.00000000
2021-02-28/05-10-35   41 USD     FB              255.53900000        255.53900000        255.53900000
2021-02-28/05-10-35   42 USD     ETHBULL        3016.56800000       3016.56800000       3016.56800000
2021-02-28/05-10-35   43 USD     HBAR              0.12399757          0.11350000          0.10960395
2021-02-28/05-10-35   44 USD     WAXP              0.08455570          0.07466496          0.07148900
2021-02-28/05-10-35   45 USD     TSLA            675.25100000        675.25100000        668.90800000
2021-02-28/05-10-35   46 USD     SQ              236.09900000        236.09900000        236.09900000
2021-02-28/05-10-35   47 USD     SC                0.01031000          0.00946000          0.00903000
2021-02-28/05-10-35   48 USD     BEAR              0.00250000          0.00232000          0.00200000
2021-02-28/05-10-35   49 USD     BAND             14.00000000         11.50000000         11.50000000
2021-02-28/05-10-35   50 USD     TRX               0.04839000          0.04464000          0.04330000
2021-02-28/05-10-35   51 USD     COMP            430.29200000        376.41900000        361.14900000
2021-02-28/05-10-35   52 USD     BABA            239.33000000        239.33000000        239.33000000
2021-02-28/05-10-35   53 USD     GRT               1.79500000          1.72500000          1.52700000
2021-02-28/05-10-35   54 USD     BYND            140.90400000        140.90400000        140.90400000
2021-02-28/05-10-35   55 USD     CRO               0.15482000          0.14024000          0.13605000
2021-02-28/05-10-35   56 USD     KMD               1.35000000          1.22105000          1.16100000
2021-02-28/05-10-35   57 USD     XRP               0.45818000          0.41614000          0.40500000
2021-02-28/05-10-35   58 USD     KNC               1.62085000          1.48109000          1.48109000
2021-02-28/05-10-35   59 USD     XTZ               3.85804228          3.41638690          3.27842643
2021-02-28/05-10-35   60 USD     BILI            126.64500000        126.64500000        126.64500000
2021-02-28/05-10-35   61 USD     PAX               1.00100000          0.99920000          0.99850000
2021-02-28/05-10-35   62 USD     DOT              35.88500000         33.58200000         32.02400000
2021-02-28/05-10-35   63 USD     PFE              33.37200000         33.37200000         33.36300000
2021-02-28/05-10-35   64 USD     DGB               0.05671000          0.05171000          0.04979000
2021-02-28/05-10-35   65 USD     NFLX            542.12900000        542.12900000        536.26700000
2021-02-28/05-10-35   66 USD     DAI               1.00997900          0.99820618          0.99820603
2021-02-28/05-10-35   67 USD     DCR             142.78099812        134.94799141        125.28800018
2021-02-28/05-10-35   68 USD     UNI              24.45700000         21.69700000         20.90000000
2021-02-28/05-10-35   69 USD     UMA              23.28700000         19.28800000         19.00000000
2021-02-28/05-10-35   70 USD     XLM               0.47100000          0.40535305          0.39666667
2021-02-28/05-10-35   71 USD     LBC               0.17340000          0.14078000          0.13342000
2021-02-28/05-10-35   72 USD     BNTX            109.87300000        109.87300000        109.87300000
2021-02-28/05-10-35   73 USD     ENJ               0.63600000          0.53516000          0.50410000
2021-02-28/05-10-35   74 USD     LTC             177.50400000        160.51200000        154.70000000
2021-02-28/05-10-35   75 USD     EOS               3.83222795          3.46256831          3.37300000
2021-02-28/05-10-35   76 USD     ADABULL       90600.00000000      63000.00000000      46000.00000000
2021-02-28/05-10-35   77 USD     ATOM             20.97855723         17.86078133         17.14494976
